<?xml version="1.0" encoding="UTF-8"?>
<!-- Generated by org.testng.reporters.JUnitReportReporter -->
<testsuite hostname="InfinityBook" failures="0" tests="1" name="com.inetBanking.utilities.ReportTesting" time="0.010" errors="0" timestamp="2024-05-14T11:15:24 CEST" skipped="0">
  <testcase classname="com.inetBanking.utilities.ReportTesting" name="test1" time="0.010"/>
</testsuite> <!-- com.inetBanking.utilities.ReportTesting -->
