<?xml version="1.0" encoding="UTF-8"?>
<!-- Generated by org.testng.reporters.JUnitReportReporter -->
<testsuite hostname="InfinityBook" failures="0" tests="1" name="com.inetBanking.testCases.TC_LoginTest_001" time="1.929" errors="0" timestamp="2024-05-19T22:05:03 CEST" skipped="0">
  <testcase classname="com.inetBanking.testCases.TC_LoginTest_001" name="loginTest" time="1.929"/>
</testsuite> <!-- com.inetBanking.testCases.TC_LoginTest_001 -->
