<?xml version="1.0" encoding="UTF-8"?>
<!-- Generated by org.testng.reporters.JUnitReportReporter -->
<testsuite hostname="InfinityBook" failures="0" tests="1" name="com.inetBanking.testCases.TC_addCustomerTest_003" time="3.857" errors="0" timestamp="2024-05-19T22:05:03 CEST" skipped="0">
  <testcase classname="com.inetBanking.testCases.TC_addCustomerTest_003" name="addNewCustomer" time="3.857"/>
</testsuite> <!-- com.inetBanking.testCases.TC_addCustomerTest_003 -->
